Determining if the Q_WS_WIN exist failed with the following output:
Change Dir: /home/m16a/Documents/phys/edu/opengl/CMakeFiles/CMakeTmp

Run Build Command:/usr/bin/make "cmTryCompileExec195082091/fast"
/usr/bin/make -f CMakeFiles/cmTryCompileExec195082091.dir/build.make CMakeFiles/cmTryCompileExec195082091.dir/build
make[1]: Entering directory `/home/m16a/Documents/phys/edu/opengl/CMakeFiles/CMakeTmp'
/usr/bin/cmake -E cmake_progress_report /home/m16a/Documents/phys/edu/opengl/CMakeFiles/CMakeTmp/CMakeFiles 1
Building CXX object CMakeFiles/cmTryCompileExec195082091.dir/CheckSymbolExists.cxx.o
/usr/bin/c++    -I/usr/include/qt4    -o CMakeFiles/cmTryCompileExec195082091.dir/CheckSymbolExists.cxx.o -c /home/m16a/Documents/phys/edu/opengl/CMakeFiles/CMakeTmp/CheckSymbolExists.cxx
/home/m16a/Documents/phys/edu/opengl/CMakeFiles/CMakeTmp/CheckSymbolExists.cxx: In function ‘int main(int, char**)’:
/home/m16a/Documents/phys/edu/opengl/CMakeFiles/CMakeTmp/CheckSymbolExists.cxx:8:19: error: ‘Q_WS_WIN’ was not declared in this scope
   return ((int*)(&Q_WS_WIN))[argc];
                   ^
make[1]: *** [CMakeFiles/cmTryCompileExec195082091.dir/CheckSymbolExists.cxx.o] Error 1
make[1]: Leaving directory `/home/m16a/Documents/phys/edu/opengl/CMakeFiles/CMakeTmp'
make: *** [cmTryCompileExec195082091/fast] Error 2

File /home/m16a/Documents/phys/edu/opengl/CMakeFiles/CMakeTmp/CheckSymbolExists.cxx:
/* */
#include <QtCore/qglobal.h>

int main(int argc, char** argv)
{
  (void)argv;
#ifndef Q_WS_WIN
  return ((int*)(&Q_WS_WIN))[argc];
#else
  (void)argc;
  return 0;
#endif
}

Determining if the Q_WS_QWS exist failed with the following output:
Change Dir: /home/m16a/Documents/phys/edu/opengl/CMakeFiles/CMakeTmp

Run Build Command:/usr/bin/make "cmTryCompileExec3681589526/fast"
/usr/bin/make -f CMakeFiles/cmTryCompileExec3681589526.dir/build.make CMakeFiles/cmTryCompileExec3681589526.dir/build
make[1]: Entering directory `/home/m16a/Documents/phys/edu/opengl/CMakeFiles/CMakeTmp'
/usr/bin/cmake -E cmake_progress_report /home/m16a/Documents/phys/edu/opengl/CMakeFiles/CMakeTmp/CMakeFiles 1
Building CXX object CMakeFiles/cmTryCompileExec3681589526.dir/CheckSymbolExists.cxx.o
/usr/bin/c++    -I/usr/include/qt4    -o CMakeFiles/cmTryCompileExec3681589526.dir/CheckSymbolExists.cxx.o -c /home/m16a/Documents/phys/edu/opengl/CMakeFiles/CMakeTmp/CheckSymbolExists.cxx
/home/m16a/Documents/phys/edu/opengl/CMakeFiles/CMakeTmp/CheckSymbolExists.cxx: In function ‘int main(int, char**)’:
/home/m16a/Documents/phys/edu/opengl/CMakeFiles/CMakeTmp/CheckSymbolExists.cxx:8:19: error: ‘Q_WS_QWS’ was not declared in this scope
   return ((int*)(&Q_WS_QWS))[argc];
                   ^
make[1]: *** [CMakeFiles/cmTryCompileExec3681589526.dir/CheckSymbolExists.cxx.o] Error 1
make[1]: Leaving directory `/home/m16a/Documents/phys/edu/opengl/CMakeFiles/CMakeTmp'
make: *** [cmTryCompileExec3681589526/fast] Error 2

File /home/m16a/Documents/phys/edu/opengl/CMakeFiles/CMakeTmp/CheckSymbolExists.cxx:
/* */
#include <QtCore/qglobal.h>

int main(int argc, char** argv)
{
  (void)argv;
#ifndef Q_WS_QWS
  return ((int*)(&Q_WS_QWS))[argc];
#else
  (void)argc;
  return 0;
#endif
}

Determining if the Q_WS_MAC exist failed with the following output:
Change Dir: /home/m16a/Documents/phys/edu/opengl/CMakeFiles/CMakeTmp

Run Build Command:/usr/bin/make "cmTryCompileExec254799500/fast"
/usr/bin/make -f CMakeFiles/cmTryCompileExec254799500.dir/build.make CMakeFiles/cmTryCompileExec254799500.dir/build
make[1]: Entering directory `/home/m16a/Documents/phys/edu/opengl/CMakeFiles/CMakeTmp'
/usr/bin/cmake -E cmake_progress_report /home/m16a/Documents/phys/edu/opengl/CMakeFiles/CMakeTmp/CMakeFiles 1
Building CXX object CMakeFiles/cmTryCompileExec254799500.dir/CheckSymbolExists.cxx.o
/usr/bin/c++    -I/usr/include/qt4    -o CMakeFiles/cmTryCompileExec254799500.dir/CheckSymbolExists.cxx.o -c /home/m16a/Documents/phys/edu/opengl/CMakeFiles/CMakeTmp/CheckSymbolExists.cxx
/home/m16a/Documents/phys/edu/opengl/CMakeFiles/CMakeTmp/CheckSymbolExists.cxx: In function ‘int main(int, char**)’:
/home/m16a/Documents/phys/edu/opengl/CMakeFiles/CMakeTmp/CheckSymbolExists.cxx:8:19: error: ‘Q_WS_MAC’ was not declared in this scope
   return ((int*)(&Q_WS_MAC))[argc];
                   ^
make[1]: *** [CMakeFiles/cmTryCompileExec254799500.dir/CheckSymbolExists.cxx.o] Error 1
make[1]: Leaving directory `/home/m16a/Documents/phys/edu/opengl/CMakeFiles/CMakeTmp'
make: *** [cmTryCompileExec254799500/fast] Error 2

File /home/m16a/Documents/phys/edu/opengl/CMakeFiles/CMakeTmp/CheckSymbolExists.cxx:
/* */
#include <QtCore/qglobal.h>

int main(int argc, char** argv)
{
  (void)argv;
#ifndef Q_WS_MAC
  return ((int*)(&Q_WS_MAC))[argc];
#else
  (void)argc;
  return 0;
#endif
}

Determining if the Q_WS_WIN exist failed with the following output:
Change Dir: /home/m16a/Documents/phys/eduPhys/CMakeFiles/CMakeTmp

Run Build Command:/usr/bin/make "cmTryCompileExec226658875/fast"
/usr/bin/make -f CMakeFiles/cmTryCompileExec226658875.dir/build.make CMakeFiles/cmTryCompileExec226658875.dir/build
make[1]: Entering directory `/home/m16a/Documents/phys/eduPhys/CMakeFiles/CMakeTmp'
/usr/bin/cmake -E cmake_progress_report /home/m16a/Documents/phys/eduPhys/CMakeFiles/CMakeTmp/CMakeFiles 1
Building CXX object CMakeFiles/cmTryCompileExec226658875.dir/CheckSymbolExists.cxx.o
/usr/bin/c++    -I/usr/include/qt4    -o CMakeFiles/cmTryCompileExec226658875.dir/CheckSymbolExists.cxx.o -c /home/m16a/Documents/phys/eduPhys/CMakeFiles/CMakeTmp/CheckSymbolExists.cxx
/home/m16a/Documents/phys/eduPhys/CMakeFiles/CMakeTmp/CheckSymbolExists.cxx: In function ‘int main(int, char**)’:
/home/m16a/Documents/phys/eduPhys/CMakeFiles/CMakeTmp/CheckSymbolExists.cxx:8:19: error: ‘Q_WS_WIN’ was not declared in this scope
   return ((int*)(&Q_WS_WIN))[argc];
                   ^
make[1]: *** [CMakeFiles/cmTryCompileExec226658875.dir/CheckSymbolExists.cxx.o] Error 1
make[1]: Leaving directory `/home/m16a/Documents/phys/eduPhys/CMakeFiles/CMakeTmp'
make: *** [cmTryCompileExec226658875/fast] Error 2

File /home/m16a/Documents/phys/eduPhys/CMakeFiles/CMakeTmp/CheckSymbolExists.cxx:
/* */
#include <QtCore/qglobal.h>

int main(int argc, char** argv)
{
  (void)argv;
#ifndef Q_WS_WIN
  return ((int*)(&Q_WS_WIN))[argc];
#else
  (void)argc;
  return 0;
#endif
}

Determining if the Q_WS_QWS exist failed with the following output:
Change Dir: /home/m16a/Documents/phys/eduPhys/CMakeFiles/CMakeTmp

Run Build Command:/usr/bin/make "cmTryCompileExec2937488853/fast"
/usr/bin/make -f CMakeFiles/cmTryCompileExec2937488853.dir/build.make CMakeFiles/cmTryCompileExec2937488853.dir/build
make[1]: Entering directory `/home/m16a/Documents/phys/eduPhys/CMakeFiles/CMakeTmp'
/usr/bin/cmake -E cmake_progress_report /home/m16a/Documents/phys/eduPhys/CMakeFiles/CMakeTmp/CMakeFiles 1
Building CXX object CMakeFiles/cmTryCompileExec2937488853.dir/CheckSymbolExists.cxx.o
/usr/bin/c++    -I/usr/include/qt4    -o CMakeFiles/cmTryCompileExec2937488853.dir/CheckSymbolExists.cxx.o -c /home/m16a/Documents/phys/eduPhys/CMakeFiles/CMakeTmp/CheckSymbolExists.cxx
/home/m16a/Documents/phys/eduPhys/CMakeFiles/CMakeTmp/CheckSymbolExists.cxx: In function ‘int main(int, char**)’:
/home/m16a/Documents/phys/eduPhys/CMakeFiles/CMakeTmp/CheckSymbolExists.cxx:8:19: error: ‘Q_WS_QWS’ was not declared in this scope
   return ((int*)(&Q_WS_QWS))[argc];
                   ^
make[1]: *** [CMakeFiles/cmTryCompileExec2937488853.dir/CheckSymbolExists.cxx.o] Error 1
make[1]: Leaving directory `/home/m16a/Documents/phys/eduPhys/CMakeFiles/CMakeTmp'
make: *** [cmTryCompileExec2937488853/fast] Error 2

File /home/m16a/Documents/phys/eduPhys/CMakeFiles/CMakeTmp/CheckSymbolExists.cxx:
/* */
#include <QtCore/qglobal.h>

int main(int argc, char** argv)
{
  (void)argv;
#ifndef Q_WS_QWS
  return ((int*)(&Q_WS_QWS))[argc];
#else
  (void)argc;
  return 0;
#endif
}

Determining if the Q_WS_MAC exist failed with the following output:
Change Dir: /home/m16a/Documents/phys/eduPhys/CMakeFiles/CMakeTmp

Run Build Command:/usr/bin/make "cmTryCompileExec4010843791/fast"
/usr/bin/make -f CMakeFiles/cmTryCompileExec4010843791.dir/build.make CMakeFiles/cmTryCompileExec4010843791.dir/build
make[1]: Entering directory `/home/m16a/Documents/phys/eduPhys/CMakeFiles/CMakeTmp'
/usr/bin/cmake -E cmake_progress_report /home/m16a/Documents/phys/eduPhys/CMakeFiles/CMakeTmp/CMakeFiles 1
Building CXX object CMakeFiles/cmTryCompileExec4010843791.dir/CheckSymbolExists.cxx.o
/usr/bin/c++    -I/usr/include/qt4    -o CMakeFiles/cmTryCompileExec4010843791.dir/CheckSymbolExists.cxx.o -c /home/m16a/Documents/phys/eduPhys/CMakeFiles/CMakeTmp/CheckSymbolExists.cxx
/home/m16a/Documents/phys/eduPhys/CMakeFiles/CMakeTmp/CheckSymbolExists.cxx: In function ‘int main(int, char**)’:
/home/m16a/Documents/phys/eduPhys/CMakeFiles/CMakeTmp/CheckSymbolExists.cxx:8:19: error: ‘Q_WS_MAC’ was not declared in this scope
   return ((int*)(&Q_WS_MAC))[argc];
                   ^
make[1]: *** [CMakeFiles/cmTryCompileExec4010843791.dir/CheckSymbolExists.cxx.o] Error 1
make[1]: Leaving directory `/home/m16a/Documents/phys/eduPhys/CMakeFiles/CMakeTmp'
make: *** [cmTryCompileExec4010843791/fast] Error 2

File /home/m16a/Documents/phys/eduPhys/CMakeFiles/CMakeTmp/CheckSymbolExists.cxx:
/* */
#include <QtCore/qglobal.h>

int main(int argc, char** argv)
{
  (void)argv;
#ifndef Q_WS_MAC
  return ((int*)(&Q_WS_MAC))[argc];
#else
  (void)argc;
  return 0;
#endif
}

